<?xml version="1.0" encoding="UTF-8"?>
<testsuite name="eu.ubitech.sma.dao.AgentServiceTest" time="0" tests="3" errors="0" skipped="3" failures="0">
  <properties>
    <property name="java.runtime.name" value="OpenJDK Runtime Environment"/>
    <property name="sun.boot.library.path" value="/usr/lib/jvm/java-8-openjdk-amd64/jre/lib/amd64"/>
    <property name="java.vm.version" value="25.121-b13"/>
    <property name="java.vm.vendor" value="Oracle Corporation"/>
    <property name="maven.multiModuleProjectDirectory" value="/home/jim/Projects/repos/social-feedback-extraction"/>
    <property name="java.vendor.url" value="http://java.oracle.com/"/>
    <property name="path.separator" value=":"/>
    <property name="guice.disable.misplaced.annotation.check" value="true"/>
    <property name="java.vm.name" value="OpenJDK 64-Bit Server VM"/>
    <property name="file.encoding.pkg" value="sun.io"/>
    <property name="user.country" value="US"/>
    <property name="sun.java.launcher" value="SUN_STANDARD"/>
    <property name="sun.os.patch.level" value="unknown"/>
    <property name="java.vm.specification.name" value="Java Virtual Machine Specification"/>
    <property name="user.dir" value="/home/jim/Projects/repos/social-feedback-extraction"/>
    <property name="java.runtime.version" value="1.8.0_121-8u121-b13-0ubuntu1.16.04.2-b13"/>
    <property name="java.awt.graphicsenv" value="sun.awt.X11GraphicsEnvironment"/>
    <property name="java.endorsed.dirs" value="/usr/lib/jvm/java-8-openjdk-amd64/jre/lib/endorsed"/>
    <property name="os.arch" value="amd64"/>
    <property name="java.io.tmpdir" value="/tmp"/>
    <property name="line.separator" value="&#10;"/>
    <property name="java.vm.specification.vendor" value="Oracle Corporation"/>
    <property name="os.name" value="Linux"/>
    <property name="classworlds.conf" value="/usr/share/maven/bin/m2.conf"/>
    <property name="sun.jnu.encoding" value="UTF-8"/>
    <property name="java.library.path" value="/usr/java/packages/lib/amd64:/usr/lib/x86_64-linux-gnu/jni:/lib/x86_64-linux-gnu:/usr/lib/x86_64-linux-gnu:/usr/lib/jni:/lib:/usr/lib"/>
    <property name="java.specification.name" value="Java Platform API Specification"/>
    <property name="java.class.version" value="52.0"/>
    <property name="sun.management.compiler" value="HotSpot 64-Bit Tiered Compilers"/>
    <property name="os.version" value="4.4.0-72-generic"/>
    <property name="user.home" value="/home/jim"/>
    <property name="user.timezone" value="Europe/Athens"/>
    <property name="java.awt.printerjob" value="sun.print.PSPrinterJob"/>
    <property name="file.encoding" value="UTF-8"/>
    <property name="java.specification.version" value="1.8"/>
    <property name="user.name" value="jim"/>
    <property name="java.class.path" value="/usr/share/maven/boot/plexus-classworlds-2.x.jar"/>
    <property name="java.vm.specification.version" value="1.8"/>
    <property name="sun.arch.data.model" value="64"/>
    <property name="java.home" value="/usr/lib/jvm/java-8-openjdk-amd64/jre"/>
    <property name="sun.java.command" value="org.codehaus.plexus.classworlds.launcher.Launcher clean install"/>
    <property name="java.specification.vendor" value="Oracle Corporation"/>
    <property name="user.language" value="en"/>
    <property name="awt.toolkit" value="sun.awt.X11.XToolkit"/>
    <property name="java.vm.info" value="mixed mode"/>
    <property name="java.version" value="1.8.0_121"/>
    <property name="java.ext.dirs" value="/usr/lib/jvm/java-8-openjdk-amd64/jre/lib/ext:/usr/java/packages/lib/ext"/>
    <property name="securerandom.source" value="file:/dev/./urandom"/>
    <property name="sun.boot.class.path" value="/usr/lib/jvm/java-8-openjdk-amd64/jre/lib/resources.jar:/usr/lib/jvm/java-8-openjdk-amd64/jre/lib/rt.jar:/usr/lib/jvm/java-8-openjdk-amd64/jre/lib/sunrsasign.jar:/usr/lib/jvm/java-8-openjdk-amd64/jre/lib/jsse.jar:/usr/lib/jvm/java-8-openjdk-amd64/jre/lib/jce.jar:/usr/lib/jvm/java-8-openjdk-amd64/jre/lib/charsets.jar:/usr/lib/jvm/java-8-openjdk-amd64/jre/lib/jfr.jar:/usr/lib/jvm/java-8-openjdk-amd64/jre/classes"/>
    <property name="java.vendor" value="Oracle Corporation"/>
    <property name="maven.home" value="/usr/share/maven"/>
    <property name="file.separator" value="/"/>
    <property name="java.vendor.url.bug" value="http://bugreport.sun.com/bugreport/"/>
    <property name="sun.cpu.endian" value="little"/>
    <property name="sun.io.unicode.encoding" value="UnicodeLittle"/>
    <property name="sun.desktop" value="gnome"/>
    <property name="sun.cpu.isalist" value=""/>
  </properties>
  <testcase name="twitterAgentTest" classname="eu.ubitech.sma.dao.AgentServiceTest" time="0">
    <skipped/>
    <system-out><![CDATA[15:19:11.897 [main] DEBUG org.springframework.test.context.junit4.SpringJUnit4ClassRunner - SpringJUnit4ClassRunner constructor called with [class eu.ubitech.sma.dao.AgentServiceTest]
15:19:11.897 [main] DEBUG org.springframework.test.context.BootstrapUtils - Instantiating CacheAwareContextLoaderDelegate from class [org.springframework.test.context.cache.DefaultCacheAwareContextLoaderDelegate]
15:19:11.897 [main] DEBUG org.springframework.test.context.BootstrapUtils - Instantiating BootstrapContext using constructor [public org.springframework.test.context.support.DefaultBootstrapContext(java.lang.Class,org.springframework.test.context.CacheAwareContextLoaderDelegate)]
15:19:11.898 [main] DEBUG org.springframework.test.context.BootstrapUtils - Instantiating TestContextBootstrapper for test class [eu.ubitech.sma.dao.AgentServiceTest] from class [org.springframework.boot.test.context.SpringBootTestContextBootstrapper]
15:19:11.898 [main] INFO org.springframework.boot.test.context.SpringBootTestContextBootstrapper - Neither @ContextConfiguration nor @ContextHierarchy found for test class [eu.ubitech.sma.dao.AgentServiceTest], using SpringBootContextLoader
15:19:11.899 [main] DEBUG org.springframework.test.context.support.AbstractContextLoader - Did not detect default resource location for test class [eu.ubitech.sma.dao.AgentServiceTest]: class path resource [eu/ubitech/sma/dao/AgentServiceTest-context.xml] does not exist
15:19:11.899 [main] DEBUG org.springframework.test.context.support.AbstractContextLoader - Did not detect default resource location for test class [eu.ubitech.sma.dao.AgentServiceTest]: class path resource [eu/ubitech/sma/dao/AgentServiceTestContext.groovy] does not exist
15:19:11.900 [main] INFO org.springframework.test.context.support.AbstractContextLoader - Could not detect default resource locations for test class [eu.ubitech.sma.dao.AgentServiceTest]: no resource found for suffixes {-context.xml, Context.groovy}.
15:19:11.903 [main] DEBUG org.springframework.test.context.support.ActiveProfilesUtils - Could not find an 'annotation declaring class' for annotation type [org.springframework.test.context.ActiveProfiles] and class [eu.ubitech.sma.dao.AgentServiceTest]
15:19:11.904 [main] DEBUG org.springframework.boot.test.context.SpringBootTestContextBootstrapper - @TestExecutionListeners is not present for class [eu.ubitech.sma.dao.AgentServiceTest]: using defaults.
15:19:11.905 [main] INFO org.springframework.boot.test.context.SpringBootTestContextBootstrapper - Loaded default TestExecutionListener class names from location [META-INF/spring.factories]: [org.springframework.boot.test.mock.mockito.MockitoTestExecutionListener, org.springframework.boot.test.mock.mockito.ResetMocksTestExecutionListener, org.springframework.boot.test.autoconfigure.restdocs.RestDocsTestExecutionListener, org.springframework.boot.test.autoconfigure.web.client.MockRestServiceServerResetTestExecutionListener, org.springframework.boot.test.autoconfigure.web.servlet.MockMvcPrintOnlyOnFailureTestExecutionListener, org.springframework.boot.test.autoconfigure.web.servlet.WebDriverTestExecutionListener, org.springframework.test.context.web.ServletTestExecutionListener, org.springframework.test.context.support.DirtiesContextBeforeModesTestExecutionListener, org.springframework.test.context.support.DependencyInjectionTestExecutionListener, org.springframework.test.context.support.DirtiesContextTestExecutionListener, org.springframework.test.context.transaction.TransactionalTestExecutionListener, org.springframework.test.context.jdbc.SqlScriptsTestExecutionListener]
15:19:11.908 [main] INFO org.springframework.boot.test.context.SpringBootTestContextBootstrapper - Using TestExecutionListeners: [org.springframework.test.context.web.ServletTestExecutionListener@516be40f, org.springframework.test.context.support.DirtiesContextBeforeModesTestExecutionListener@3c0a50da, org.springframework.boot.test.autoconfigure.SpringBootDependencyInjectionTestExecutionListener@646be2c3, org.springframework.test.context.support.DirtiesContextTestExecutionListener@797badd3, org.springframework.test.context.transaction.TransactionalTestExecutionListener@77be656f, org.springframework.test.context.jdbc.SqlScriptsTestExecutionListener@19dc67c2, org.springframework.boot.test.autoconfigure.web.servlet.MockMvcPrintOnlyOnFailureTestExecutionListener@221af3c0, org.springframework.boot.test.mock.mockito.MockitoTestExecutionListener@62bd765, org.springframework.boot.test.autoconfigure.web.client.MockRestServiceServerResetTestExecutionListener@23a5fd2, org.springframework.boot.test.autoconfigure.restdocs.RestDocsTestExecutionListener@78a2da20, org.springframework.boot.test.mock.mockito.ResetMocksTestExecutionListener@dd3b207, org.springframework.boot.test.autoconfigure.web.servlet.WebDriverTestExecutionListener@551bdc27]
15:19:11.908 [main] DEBUG org.springframework.test.annotation.ProfileValueUtils - Retrieved @ProfileValueSourceConfiguration [null] for test class [eu.ubitech.sma.dao.AgentServiceTest]
15:19:11.908 [main] DEBUG org.springframework.test.annotation.ProfileValueUtils - Retrieved ProfileValueSource type [class org.springframework.test.annotation.SystemProfileValueSource] for class [eu.ubitech.sma.dao.AgentServiceTest]
15:19:11.909 [main] DEBUG org.springframework.test.annotation.ProfileValueUtils - Retrieved @ProfileValueSourceConfiguration [null] for test class [eu.ubitech.sma.dao.AgentServiceTest]
15:19:11.909 [main] DEBUG org.springframework.test.annotation.ProfileValueUtils - Retrieved ProfileValueSource type [class org.springframework.test.annotation.SystemProfileValueSource] for class [eu.ubitech.sma.dao.AgentServiceTest]
]]></system-out>
  </testcase>
  <testcase name="facebookAgentTest" classname="eu.ubitech.sma.dao.AgentServiceTest" time="0">
    <skipped/>
  </testcase>
  <testcase name="nullAgentTest" classname="eu.ubitech.sma.dao.AgentServiceTest" time="0">
    <skipped/>
  </testcase>
</testsuite>